<?xml version="1.0" encoding="UTF-8"?>
<!-- Generated by org.testng.reporters.JUnitReportReporter -->
<testsuite hostname="Marjans-MacBook-Pro.local" failures="0" tests="1" name="com.facebook_FindElements.LoginTest" time="0.011" errors="0" timestamp="2023-01-24T18:49:43 EST" skipped="0">
  <testcase classname="com.facebook_FindElements.LoginTest" name="validLoginTest" time="0.011"/>
  <system-out/>
</testsuite> <!-- com.facebook_FindElements.LoginTest -->
