<?xml version="1.0" encoding="UTF-8"?>
<!-- Generated by org.testng.reporters.JUnitReportReporter -->
<testsuite hostname="Marjans-MacBook-Pro.local" failures="0" tests="2" name="com.facebook_loginTest.LoginWithMethodSignatureTest" time="20.037" errors="0" timestamp="2023-01-26T20:12:50 EST" skipped="0">
  <testcase classname="com.facebook_loginTest.LoginWithMethodSignatureTest" name="positiveLoginTest" time="13.379"/>
  <system-out/>
  <testcase classname="com.facebook_loginTest.LoginWithMethodSignatureTest" name="positiveLoginTest1" time="6.658"/>
  <system-out/>
</testsuite> <!-- com.facebook_loginTest.LoginWithMethodSignatureTest -->
