<?xml version="1.0" encoding="UTF-8"?>
<!-- Generated by org.testng.reporters.JUnitReportReporter -->
<testsuite hostname="Marjans-MacBook-Pro.local" failures="0" tests="2" name="com.facebook_loginTestWithPageFactory.PageFactoryLoginTest" time="12.114" errors="0" timestamp="2023-02-09T21:56:45 EST" skipped="0">
  <testcase classname="com.facebook_loginTestWithPageFactory.PageFactoryLoginTest" name="validUserNameTest" time="7.036"/>
  <system-out/>
  <testcase classname="com.facebook_loginTestWithPageFactory.PageFactoryLoginTest" name="validPasswordTest" time="5.078"/>
  <system-out/>
</testsuite> <!-- com.facebook_loginTestWithPageFactory.PageFactoryLoginTest -->
